<?xml version="1.0" encoding="UTF-8"?>
<!-- Generated by org.testng.reporters.JUnitXMLReporter -->
<testsuite ignored="0" hostname="DESKTOP-AGOQQT3" failures="0" tests="8" name="Default test" time="30.15" errors="0" timestamp="2024-04-15T16:25:36 IST">
  <testcase classname="LFMC.StepDef" name="the_user_clicks_on_Code_Mapping_and_selects_Testing_company_from_the_Dropdown_option" time="0.241"/>
  <testcase classname="LFMC.StepDef" name="enter_aa_as_and_bb_as_and_cc_as_and_dd_as_and_ee_as" time="0.521"/>
  <testcase classname="LFMC.StepDef" name="the_user_clicks_the_Submit_Button" time="0.153"/>
  <testcase classname="LFMC.StepDef" name="the_user_should_receive_a_mapping_successful_message" time="0.163"/>
  <testcase classname="LFMC.StepDef" name="the_user_clicks_on_the_History_module" time="5.245"/>
  <testcase classname="LFMC.StepDef" name="the_user_validates_whether_the_mapping_has_occurred_or_not" time="11.23"/>
  <testcase classname="LFMC.StepDef" name="the_user_performs_demapping" time="5.116"/>
  <testcase classname="LFMC.StepDef" name="the_user_should_receive_a_demapping_successful_message" time="0.124"/>
</testsuite> <!-- Default test -->
